[    1009ms] [LOG] [Fast Refresh] done in 4340ms @ webpack-internal:///(app-pages-browser)/./node_modules/next/dist/client/components/react-dev-overlay/app/hot-reloader-client.js:67
[    1030ms] [ERROR] Failed to fetch RSC payload for http://localhost:3000/. Falling back to browser navigation. TypeError: network error
    at captureStackTrace (webpack-internal:///(app-pages-browser)/./node_modules/next/dist/client/components/react-dev-overlay/internal/helpers/capture-stack-trace.js:13:23)
    at console.error (webpack-internal:///(app-pages-browser)/./node_modules/next/dist/client/components/globals/intercept-console-error.js:51:62)
    at fetchServerResponse (webpack-internal:///(app-pages-browser)/./node_modules/next/dist/client/components/router-reducer/fetch-server-response.js:126:17) @ webpack-internal:///(app-pages-browser)/./node_modules/next/dist/client/components/globals/intercept-console-error.js:55
[    2676ms] [INFO] %cDownload the React DevTools for a better development experience: https://react.dev/link/react-devtools font-weight:bold @ webpack-internal:///(app-pages-browser)/./node_modules/next/dist/compiled/react-dom/cjs/react-dom-client.development.js:24503
[  394517ms] [LOG] [Fast Refresh] rebuilding @ webpack-internal:///(app-pages-browser)/./node_modules/next/dist/client/components/react-dev-overlay/app/hot-reloader-client.js:240
[  394894ms] [LOG] [Fast Refresh] done in 377ms @ webpack-internal:///(app-pages-browser)/./node_modules/next/dist/client/components/react-dev-overlay/app/hot-reloader-client.js:67
[  398278ms] [LOG] [Fast Refresh] rebuilding @ webpack-internal:///(app-pages-browser)/./node_modules/next/dist/client/components/react-dev-overlay/app/hot-reloader-client.js:240
[  398487ms] [LOG] [Fast Refresh] done in 209ms @ webpack-internal:///(app-pages-browser)/./node_modules/next/dist/client/components/react-dev-overlay/app/hot-reloader-client.js:67
[  399708ms] [LOG] [Fast Refresh] rebuilding @ webpack-internal:///(app-pages-browser)/./node_modules/next/dist/client/components/react-dev-overlay/app/hot-reloader-client.js:240
[  400216ms] [LOG] [Fast Refresh] done in 508ms @ webpack-internal:///(app-pages-browser)/./node_modules/next/dist/client/components/react-dev-overlay/app/hot-reloader-client.js:67
[  400829ms] [LOG] [Fast Refresh] rebuilding @ webpack-internal:///(app-pages-browser)/./node_modules/next/dist/client/components/react-dev-overlay/app/hot-reloader-client.js:240
[  401106ms] [LOG] [Fast Refresh] done in 277ms @ webpack-internal:///(app-pages-browser)/./node_modules/next/dist/client/components/react-dev-overlay/app/hot-reloader-client.js:67
[  410700ms] [LOG] [Fast Refresh] rebuilding @ webpack-internal:///(app-pages-browser)/./node_modules/next/dist/client/components/react-dev-overlay/app/hot-reloader-client.js:240
[  411031ms] [LOG] [Fast Refresh] done in 331ms @ webpack-internal:///(app-pages-browser)/./node_modules/next/dist/client/components/react-dev-overlay/app/hot-reloader-client.js:67
[  418556ms] [LOG] [Fast Refresh] rebuilding @ webpack-internal:///(app-pages-browser)/./node_modules/next/dist/client/components/react-dev-overlay/app/hot-reloader-client.js:240
[  418757ms] [LOG] [Fast Refresh] done in 202ms @ webpack-internal:///(app-pages-browser)/./node_modules/next/dist/client/components/react-dev-overlay/app/hot-reloader-client.js:67
[  428805ms] [LOG] [Fast Refresh] rebuilding @ webpack-internal:///(app-pages-browser)/./node_modules/next/dist/client/components/react-dev-overlay/app/hot-reloader-client.js:240
[  429050ms] [LOG] [Fast Refresh] done in 245ms @ webpack-internal:///(app-pages-browser)/./node_modules/next/dist/client/components/react-dev-overlay/app/hot-reloader-client.js:67
[  436991ms] [LOG] [Fast Refresh] rebuilding @ webpack-internal:///(app-pages-browser)/./node_modules/next/dist/client/components/react-dev-overlay/app/hot-reloader-client.js:240
[  437219ms] [LOG] [Fast Refresh] done in 227ms @ webpack-internal:///(app-pages-browser)/./node_modules/next/dist/client/components/react-dev-overlay/app/hot-reloader-client.js:67
[ 1808684ms] [LOG] [Fast Refresh] rebuilding @ webpack-internal:///(app-pages-browser)/./node_modules/next/dist/client/components/react-dev-overlay/app/hot-reloader-client.js:240
[ 1808914ms] [LOG] [Fast Refresh] done in 231ms @ webpack-internal:///(app-pages-browser)/./node_modules/next/dist/client/components/react-dev-overlay/app/hot-reloader-client.js:67
[ 1809112ms] [LOG] [Fast Refresh] rebuilding @ webpack-internal:///(app-pages-browser)/./node_modules/next/dist/client/components/react-dev-overlay/app/hot-reloader-client.js:240
[ 1809325ms] [LOG] [Fast Refresh] rebuilding @ webpack-internal:///(app-pages-browser)/./node_modules/next/dist/client/components/react-dev-overlay/app/hot-reloader-client.js:240
[ 1809338ms] [LOG] [Fast Refresh] done in 13ms @ webpack-internal:///(app-pages-browser)/./node_modules/next/dist/client/components/react-dev-overlay/app/hot-reloader-client.js:67
[ 1809796ms] [ERROR] Failed to load resource: the server responded with a status of 404 (Not Found) @ http://localhost:3000/_next/static/css/app/layout.css:0
[ 1809805ms] [LOG] [Fast Refresh] done in 480ms @ webpack-internal:///(app-pages-browser)/./node_modules/next/dist/client/components/react-dev-overlay/app/hot-reloader-client.js:67
[ 1809842ms] [LOG] [Fast Refresh] rebuilding @ webpack-internal:///(app-pages-browser)/./node_modules/next/dist/client/components/react-dev-overlay/app/hot-reloader-client.js:240
[ 1810586ms] [LOG] [Fast Refresh] done in 743ms @ webpack-internal:///(app-pages-browser)/./node_modules/next/dist/client/components/react-dev-overlay/app/hot-reloader-client.js:67
[ 1810894ms] [ERROR] Failed to load resource: the server responded with a status of 500 (Internal Server Error) @ http://localhost:3000/?_rsc=r3yhw:0
[ 1810925ms] [ERROR] Failed to load resource: the server responded with a status of 500 (Internal Server Error) @ http://localhost:3000/?_rsc=r3yhw:0
[ 1810947ms] [ERROR] Failed to load resource: the server responded with a status of 500 (Internal Server Error) @ http://localhost:3000/?_rsc=r3yhw:0
[ 1810980ms] [ERROR] Failed to load resource: the server responded with a status of 500 (Internal Server Error) @ http://localhost:3000/:0
[ 1811171ms] [INFO] %cDownload the React DevTools for a better development experience: https://reactjs.org/link/react-devtools font-weight:bold @ webpack-internal:///./node_modules/react-dom/cjs/react-dom.development.js:29889
[ 1811209ms] Error: Cannot find module './821.js'
Require stack:
- E:\Shritej\Projects\Personal\Repair ShopWebsite\.next\server\webpack-runtime.js
- E:\Shritej\Projects\Personal\Repair ShopWebsite\.next\server\pages\_document.js
- E:\Shritej\Projects\Personal\Repair ShopWebsite\node_modules\next\dist\server\require.js
- E:\Shritej\Projects\Personal\Repair ShopWebsite\node_modules\next\dist\server\load-components.js
- E:\Shritej\Projects\Personal\Repair ShopWebsite\node_modules\next\dist\build\utils.js
- E:\Shritej\Projects\Personal\Repair ShopWebsite\node_modules\next\dist\build\swc\options.js
- E:\Shritej\Projects\Personal\Repair ShopWebsite\node_modules\next\dist\build\swc\index.js
- E:\Shritej\Projects\Personal\Repair ShopWebsite\node_modules\next\dist\build\analysis\parse-module.js
- E:\Shritej\Projects\Personal\Repair ShopWebsite\node_modules\next\dist\build\analysis\get-page-static-info.js
- E:\Shritej\Projects\Personal\Repair ShopWebsite\node_modules\next\dist\server\lib\router-utils\setup-dev-bundler.js
- E:\Shritej\Projects\Personal\Repair ShopWebsite\node_modules\next\dist\server\lib\router-server.js
- E:\Shritej\Projects\Personal\Repair ShopWebsite\node_modules\next\dist\server\lib\start-server.js
    at Module.<anonymous> (node:internal/modules/cjs/loader:1500:15)
    at <unknown> (file://E:\Shritej\Projects\Personal\Repair ShopWebsite\node_modules\next\dist\server\require-hook.js:55:36)
    at wrapResolveFilename (node:internal/modules/cjs/loader:1071:27)
    at defaultResolveImplForCJSLoading (node:internal/modules/cjs/loader:1095:10)
    at resolveForCJSWithHooks (node:internal/modules/cjs/loader:1116:12)
    at Module._load (node:internal/modules/cjs/loader:1285:25)
    at wrapModuleLoad (node:internal/modules/cjs/loader:255:19)
    at Module.<anonymous> (node:internal/modules/cjs/loader:1600:12)
    at mod.require (file://E:\Shritej\Projects\Personal\Repair ShopWebsite\node_modules\next\dist\server\require-hook.js:65:28)
    at require (node:internal/modules/helpers:153:16)
    at __webpack_require__.f.require (file://E:\Shritej\Projects\Personal\Repair ShopWebsite\.next\server\webpack-runtime.js:198:28)
    at <unknown> (file://E:\Shritej\Projects\Personal\Repair ShopWebsite\.next\server\webpack-runtime.js:111:40)
    at Array.reduce (<anonymous>)
    at __webpack_require__.e (file://E:\Shritej\Projects\Personal\Repair ShopWebsite\.next\server\webpack-runtime.js:110:67)
    at Array.map (<anonymous>)
    at __webpack_require__.X (file://E:\Shritej\Projects\Personal\Repair ShopWebsite\.next\server\webpack-runtime.js:162:22)
    at <unknown> (file://E:\Shritej\Projects\Personal\Repair ShopWebsite\.next\server\app\page.js:1:12545)
    at Object.<anonymous> (file://E:\Shritej\Projects\Personal\Repair ShopWebsite\.next\server\app\page.js:1:12586)
    at Module._compile (node:internal/modules/cjs/loader:1854:14)
    at Object..js (node:internal/modules/cjs/loader:1985:10)
    at Module.load (node:internal/modules/cjs/loader:1577:32)
    at Module._load (node:internal/modules/cjs/loader:1379:12)
    at wrapModuleLoad (node:internal/modules/cjs/loader:255:19)
    at Module.<anonymous> (node:internal/modules/cjs/loader:1600:12)
    at mod.require (file://E:\Shritej\Projects\Personal\Repair ShopWebsite\node_modules\next\dist\server\require-hook.js:65:28)
    at require (node:internal/modules/helpers:153:16)
    at requirePage (file://E:\Shritej\Projects\Personal\Repair ShopWebsite\node_modules\next\dist\server\require.js:103:84)
    at loadComponentsImpl (file://E:\Shritej\Projects\Personal\Repair ShopWebsite\node_modules\next\dist\server\load-components.js:99:57)
    at async DevServer.findPageComponentsImpl (file://E:\Shritej\Projects\Personal\Repair ShopWebsite\node_modules\next\dist\server\next-server.js:732:36)
    at async DevServer.findPageComponents (file://E:\Shritej\Projects\Personal\Repair ShopWebsite\node_modules\next\dist\server\dev\next-dev-server.js:611:20)
    at async DevServer.renderPageComponent (file://E:\Shritej\Projects\Personal\Repair ShopWebsite\node_modules\next\dist\server\base-server.js:2227:24)
    at async DevServer.renderToResponseImpl (file://E:\Shritej\Projects\Personal\Repair ShopWebsite\node_modules\next\dist\server\base-server.js:2278:32)
    at async DevServer.pipeImpl (file://E:\Shritej\Projects\Personal\Repair ShopWebsite\node_modules\next\dist\server\base-server.js:960:25)
    at async NextNodeServer.handleCatchallRenderRequest (file://E:\Shritej\Projects\Personal\Repair ShopWebsite\node_modules\next\dist\server\next-server.js:281:17)
    at async DevServer.handleRequestImpl (file://E:\Shritej\Projects\Personal\Repair ShopWebsite\node_modules\next\dist\server\base-server.js:853:17)
    at async (file://E:\Shritej\Projects\Personal\Repair ShopWebsite\node_modules\next\dist\server\dev\next-dev-server.js:373:20)
    at async Span.traceAsyncFn (file://E:\Shritej\Projects\Personal\Repair ShopWebsite\node_modules\next\dist\trace\trace.js:153:20)
    at async DevServer.handleRequest (file://E:\Shritej\Projects\Personal\Repair ShopWebsite\node_modules\next\dist\server\dev\next-dev-server.js:370:24)
    at async invokeRender (file://E:\Shritej\Projects\Personal\Repair ShopWebsite\node_modules\next\dist\server\lib\router-server.js:183:21)
    at async handleRequest (file://E:\Shritej\Projects\Personal\Repair ShopWebsite\node_modules\next\dist\server\lib\router-server.js:360:24)
    at async requestHandlerImpl (file://E:\Shritej\Projects\Personal\Repair ShopWebsite\node_modules\next\dist\server\lib\router-server.js:384:13)
    at async Server.requestListener (file://E:\Shritej\Projects\Personal\Repair ShopWebsite\node_modules\next\dist\server\lib\start-server.js:142:13)
[ 1811210ms] [LOG] [HMR] connected @ webpack-internal:///./node_modules/next/dist/client/components/react-dev-overlay/pages/websocket.js:41
[ 1812852ms] [LOG] [Fast Refresh] rebuilding @ webpack-internal:///./node_modules/next/dist/client/components/react-dev-overlay/pages/hot-reloader-client.js:221
[ 1813120ms] [WARNING] [Fast Refresh] performing full reload because your application had an unrecoverable error @ webpack-internal:///./node_modules/next/dist/client/components/react-dev-overlay/pages/hot-reloader-client.js:352
[ 1813146ms] [ERROR] Failed to load resource: the server responded with a status of 500 (Internal Server Error) @ http://localhost:3000/:0
[ 1813266ms] [INFO] %cDownload the React DevTools for a better development experience: https://reactjs.org/link/react-devtools font-weight:bold @ webpack-internal:///./node_modules/react-dom/cjs/react-dom.development.js:29889
[ 1813275ms] Error: Cannot find module './821.js'
Require stack:
- E:\Shritej\Projects\Personal\Repair ShopWebsite\.next\server\webpack-runtime.js
- E:\Shritej\Projects\Personal\Repair ShopWebsite\.next\server\app\page.js
- E:\Shritej\Projects\Personal\Repair ShopWebsite\node_modules\next\dist\server\require.js
- E:\Shritej\Projects\Personal\Repair ShopWebsite\node_modules\next\dist\server\load-components.js
- E:\Shritej\Projects\Personal\Repair ShopWebsite\node_modules\next\dist\build\utils.js
- E:\Shritej\Projects\Personal\Repair ShopWebsite\node_modules\next\dist\build\swc\options.js
- E:\Shritej\Projects\Personal\Repair ShopWebsite\node_modules\next\dist\build\swc\index.js
- E:\Shritej\Projects\Personal\Repair ShopWebsite\node_modules\next\dist\build\analysis\parse-module.js
- E:\Shritej\Projects\Personal\Repair ShopWebsite\node_modules\next\dist\build\analysis\get-page-static-info.js
- E:\Shritej\Projects\Personal\Repair ShopWebsite\node_modules\next\dist\server\lib\router-utils\setup-dev-bundler.js
- E:\Shritej\Projects\Personal\Repair ShopWebsite\node_modules\next\dist\server\lib\router-server.js
- E:\Shritej\Projects\Personal\Repair ShopWebsite\node_modules\next\dist\server\lib\start-server.js
    at Module.<anonymous> (node:internal/modules/cjs/loader:1500:15)
    at <unknown> (file://E:\Shritej\Projects\Personal\Repair ShopWebsite\node_modules\next\dist\server\require-hook.js:55:36)
    at wrapResolveFilename (node:internal/modules/cjs/loader:1071:27)
    at defaultResolveImplForCJSLoading (node:internal/modules/cjs/loader:1095:10)
    at resolveForCJSWithHooks (node:internal/modules/cjs/loader:1116:12)
    at Module._load (node:internal/modules/cjs/loader:1285:25)
    at wrapModuleLoad (node:internal/modules/cjs/loader:255:19)
    at Module.<anonymous> (node:internal/modules/cjs/loader:1600:12)
    at mod.require (file://E:\Shritej\Projects\Personal\Repair ShopWebsite\node_modules\next\dist\server\require-hook.js:65:28)
    at require (node:internal/modules/helpers:153:16)
    at __webpack_require__.f.require (file://E:\Shritej\Projects\Personal\Repair ShopWebsite\.next\server\webpack-runtime.js:198:28)
    at <unknown> (file://E:\Shritej\Projects\Personal\Repair ShopWebsite\.next\server\webpack-runtime.js:111:40)
    at Array.reduce (<anonymous>)
    at __webpack_require__.e (file://E:\Shritej\Projects\Personal\Repair ShopWebsite\.next\server\webpack-runtime.js:110:67)
    at Array.map (<anonymous>)
    at __webpack_require__.X (file://E:\Shritej\Projects\Personal\Repair ShopWebsite\.next\server\webpack-runtime.js:162:22)
    at <unknown> (file://E:\Shritej\Projects\Personal\Repair ShopWebsite\.next\server\app\page.js:1:12545)
    at Object.<anonymous> (file://E:\Shritej\Projects\Personal\Repair ShopWebsite\.next\server\app\page.js:1:12586)
    at Module._compile (node:internal/modules/cjs/loader:1854:14)
    at Object..js (node:internal/modules/cjs/loader:1985:10)
    at Module.load (node:internal/modules/cjs/loader:1577:32)
    at Module._load (node:internal/modules/cjs/loader:1379:12)
    at wrapModuleLoad (node:internal/modules/cjs/loader:255:19)
    at Module.<anonymous> (node:internal/modules/cjs/loader:1600:12)
    at mod.require (file://E:\Shritej\Projects\Personal\Repair ShopWebsite\node_modules\next\dist\server\require-hook.js:65:28)
    at require (node:internal/modules/helpers:153:16)
    at requirePage (file://E:\Shritej\Projects\Personal\Repair ShopWebsite\node_modules\next\dist\server\require.js:103:84)
    at loadComponentsImpl (file://E:\Shritej\Projects\Personal\Repair ShopWebsite\node_modules\next\dist\server\load-components.js:99:57)
    at async DevServer.findPageComponentsImpl (file://E:\Shritej\Projects\Personal\Repair ShopWebsite\node_modules\next\dist\server\next-server.js:732:36)
    at async DevServer.findPageComponents (file://E:\Shritej\Projects\Personal\Repair ShopWebsite\node_modules\next\dist\server\dev\next-dev-server.js:611:20)
    at async DevServer.renderPageComponent (file://E:\Shritej\Projects\Personal\Repair ShopWebsite\node_modules\next\dist\server\base-server.js:2227:24)
    at async DevServer.renderToResponseImpl (file://E:\Shritej\Projects\Personal\Repair ShopWebsite\node_modules\next\dist\server\base-server.js:2278:32)
    at async DevServer.pipeImpl (file://E:\Shritej\Projects\Personal\Repair ShopWebsite\node_modules\next\dist\server\base-server.js:960:25)
    at async NextNodeServer.handleCatchallRenderRequest (file://E:\Shritej\Projects\Personal\Repair ShopWebsite\node_modules\next\dist\server\next-server.js:281:17)
    at async DevServer.handleRequestImpl (file://E:\Shritej\Projects\Personal\Repair ShopWebsite\node_modules\next\dist\server\base-server.js:853:17)
    at async (file://E:\Shritej\Projects\Personal\Repair ShopWebsite\node_modules\next\dist\server\dev\next-dev-server.js:373:20)
    at async Span.traceAsyncFn (file://E:\Shritej\Projects\Personal\Repair ShopWebsite\node_modules\next\dist\trace\trace.js:153:20)
    at async DevServer.handleRequest (file://E:\Shritej\Projects\Personal\Repair ShopWebsite\node_modules\next\dist\server\dev\next-dev-server.js:370:24)
    at async invokeRender (file://E:\Shritej\Projects\Personal\Repair ShopWebsite\node_modules\next\dist\server\lib\router-server.js:183:21)
    at async handleRequest (file://E:\Shritej\Projects\Personal\Repair ShopWebsite\node_modules\next\dist\server\lib\router-server.js:360:24)
    at async requestHandlerImpl (file://E:\Shritej\Projects\Personal\Repair ShopWebsite\node_modules\next\dist\server\lib\router-server.js:384:13)
    at async Server.requestListener (file://E:\Shritej\Projects\Personal\Repair ShopWebsite\node_modules\next\dist\server\lib\start-server.js:142:13)
[ 1813275ms] [LOG] [HMR] connected @ webpack-internal:///./node_modules/next/dist/client/components/react-dev-overlay/pages/websocket.js:41
[ 1815944ms] [LOG] [Fast Refresh] rebuilding @ webpack-internal:///./node_modules/next/dist/client/components/react-dev-overlay/pages/hot-reloader-client.js:221
[ 1816179ms] [WARNING] [Fast Refresh] performing full reload because your application had an unrecoverable error @ webpack-internal:///./node_modules/next/dist/client/components/react-dev-overlay/pages/hot-reloader-client.js:352
[ 1816214ms] [ERROR] Failed to load resource: the server responded with a status of 500 (Internal Server Error) @ http://localhost:3000/:0
[ 1816338ms] [INFO] %cDownload the React DevTools for a better development experience: https://reactjs.org/link/react-devtools font-weight:bold @ webpack-internal:///./node_modules/react-dom/cjs/react-dom.development.js:29889
[ 1816346ms] Error: Cannot find module './821.js'
Require stack:
- E:\Shritej\Projects\Personal\Repair ShopWebsite\.next\server\webpack-runtime.js
- E:\Shritej\Projects\Personal\Repair ShopWebsite\.next\server\app\page.js
- E:\Shritej\Projects\Personal\Repair ShopWebsite\node_modules\next\dist\server\require.js
- E:\Shritej\Projects\Personal\Repair ShopWebsite\node_modules\next\dist\server\load-components.js
- E:\Shritej\Projects\Personal\Repair ShopWebsite\node_modules\next\dist\build\utils.js
- E:\Shritej\Projects\Personal\Repair ShopWebsite\node_modules\next\dist\build\swc\options.js
- E:\Shritej\Projects\Personal\Repair ShopWebsite\node_modules\next\dist\build\swc\index.js
- E:\Shritej\Projects\Personal\Repair ShopWebsite\node_modules\next\dist\build\analysis\parse-module.js
- E:\Shritej\Projects\Personal\Repair ShopWebsite\node_modules\next\dist\build\analysis\get-page-static-info.js
- E:\Shritej\Projects\Personal\Repair ShopWebsite\node_modules\next\dist\server\lib\router-utils\setup-dev-bundler.js
- E:\Shritej\Projects\Personal\Repair ShopWebsite\node_modules\next\dist\server\lib\router-server.js
- E:\Shritej\Projects\Personal\Repair ShopWebsite\node_modules\next\dist\server\lib\start-server.js
    at Module.<anonymous> (node:internal/modules/cjs/loader:1500:15)
    at <unknown> (file://E:\Shritej\Projects\Personal\Repair ShopWebsite\node_modules\next\dist\server\require-hook.js:55:36)
    at wrapResolveFilename (node:internal/modules/cjs/loader:1071:27)
    at defaultResolveImplForCJSLoading (node:internal/modules/cjs/loader:1095:10)
    at resolveForCJSWithHooks (node:internal/modules/cjs/loader:1116:12)
    at Module._load (node:internal/modules/cjs/loader:1285:25)
    at wrapModuleLoad (node:internal/modules/cjs/loader:255:19)
    at Module.<anonymous> (node:internal/modules/cjs/loader:1600:12)
    at mod.require (file://E:\Shritej\Projects\Personal\Repair ShopWebsite\node_modules\next\dist\server\require-hook.js:65:28)
    at require (node:internal/modules/helpers:153:16)
    at __webpack_require__.f.require (file://E:\Shritej\Projects\Personal\Repair ShopWebsite\.next\server\webpack-runtime.js:198:28)
    at <unknown> (file://E:\Shritej\Projects\Personal\Repair ShopWebsite\.next\server\webpack-runtime.js:111:40)
    at Array.reduce (<anonymous>)
    at __webpack_require__.e (file://E:\Shritej\Projects\Personal\Repair ShopWebsite\.next\server\webpack-runtime.js:110:67)
    at Array.map (<anonymous>)
    at __webpack_require__.X (file://E:\Shritej\Projects\Personal\Repair ShopWebsite\.next\server\webpack-runtime.js:162:22)
    at <unknown> (file://E:\Shritej\Projects\Personal\Repair ShopWebsite\.next\server\app\page.js:1:12545)
    at Object.<anonymous> (file://E:\Shritej\Projects\Personal\Repair ShopWebsite\.next\server\app\page.js:1:12586)
    at Module._compile (node:internal/modules/cjs/loader:1854:14)
    at Object..js (node:internal/modules/cjs/loader:1985:10)
    at Module.load (node:internal/modules/cjs/loader:1577:32)
    at Module._load (node:internal/modules/cjs/loader:1379:12)
    at wrapModuleLoad (node:internal/modules/cjs/loader:255:19)
    at Module.<anonymous> (node:internal/modules/cjs/loader:1600:12)
    at mod.require (file://E:\Shritej\Projects\Personal\Repair ShopWebsite\node_modules\next\dist\server\require-hook.js:65:28)
    at require (node:internal/modules/helpers:153:16)
    at requirePage (file://E:\Shritej\Projects\Personal\Repair ShopWebsite\node_modules\next\dist\server\require.js:103:84)
    at loadComponentsImpl (file://E:\Shritej\Projects\Personal\Repair ShopWebsite\node_modules\next\dist\server\load-components.js:99:57)
    at async DevServer.findPageComponentsImpl (file://E:\Shritej\Projects\Personal\Repair ShopWebsite\node_modules\next\dist\server\next-server.js:732:36)
    at async DevServer.findPageComponents (file://E:\Shritej\Projects\Personal\Repair ShopWebsite\node_modules\next\dist\server\dev\next-dev-server.js:611:20)
    at async DevServer.renderPageComponent (file://E:\Shritej\Projects\Personal\Repair ShopWebsite\node_modules\next\dist\server\base-server.js:2227:24)
    at async DevServer.renderToResponseImpl (file://E:\Shritej\Projects\Personal\Repair ShopWebsite\node_modules\next\dist\server\base-server.js:2278:32)
    at async DevServer.pipeImpl (file://E:\Shritej\Projects\Personal\Repair ShopWebsite\node_modules\next\dist\server\base-server.js:960:25)
    at async NextNodeServer.handleCatchallRenderRequest (file://E:\Shritej\Projects\Personal\Repair ShopWebsite\node_modules\next\dist\server\next-server.js:281:17)
    at async DevServer.handleRequestImpl (file://E:\Shritej\Projects\Personal\Repair ShopWebsite\node_modules\next\dist\server\base-server.js:853:17)
    at async (file://E:\Shritej\Projects\Personal\Repair ShopWebsite\node_modules\next\dist\server\dev\next-dev-server.js:373:20)
    at async Span.traceAsyncFn (file://E:\Shritej\Projects\Personal\Repair ShopWebsite\node_modules\next\dist\trace\trace.js:153:20)
    at async DevServer.handleRequest (file://E:\Shritej\Projects\Personal\Repair ShopWebsite\node_modules\next\dist\server\dev\next-dev-server.js:370:24)
    at async invokeRender (file://E:\Shritej\Projects\Personal\Repair ShopWebsite\node_modules\next\dist\server\lib\router-server.js:183:21)
    at async handleRequest (file://E:\Shritej\Projects\Personal\Repair ShopWebsite\node_modules\next\dist\server\lib\router-server.js:360:24)
    at async requestHandlerImpl (file://E:\Shritej\Projects\Personal\Repair ShopWebsite\node_modules\next\dist\server\lib\router-server.js:384:13)
    at async Server.requestListener (file://E:\Shritej\Projects\Personal\Repair ShopWebsite\node_modules\next\dist\server\lib\start-server.js:142:13)
[ 1816346ms] [LOG] [HMR] connected @ webpack-internal:///./node_modules/next/dist/client/components/react-dev-overlay/pages/websocket.js:41
[ 1818854ms] [LOG] [Fast Refresh] rebuilding @ webpack-internal:///./node_modules/next/dist/client/components/react-dev-overlay/pages/hot-reloader-client.js:221
[ 1819124ms] [WARNING] [Fast Refresh] performing full reload because your application had an unrecoverable error @ webpack-internal:///./node_modules/next/dist/client/components/react-dev-overlay/pages/hot-reloader-client.js:352
[ 1819194ms] [ERROR] Failed to load resource: the server responded with a status of 500 (Internal Server Error) @ http://localhost:3000/:0
[ 1819340ms] [INFO] %cDownload the React DevTools for a better development experience: https://reactjs.org/link/react-devtools font-weight:bold @ webpack-internal:///./node_modules/react-dom/cjs/react-dom.development.js:29889
[ 1819348ms] Error: Cannot find module './821.js'
Require stack:
- E:\Shritej\Projects\Personal\Repair ShopWebsite\.next\server\webpack-runtime.js
- E:\Shritej\Projects\Personal\Repair ShopWebsite\.next\server\app\page.js
- E:\Shritej\Projects\Personal\Repair ShopWebsite\node_modules\next\dist\server\require.js
- E:\Shritej\Projects\Personal\Repair ShopWebsite\node_modules\next\dist\server\load-components.js
- E:\Shritej\Projects\Personal\Repair ShopWebsite\node_modules\next\dist\build\utils.js
- E:\Shritej\Projects\Personal\Repair ShopWebsite\node_modules\next\dist\build\swc\options.js
- E:\Shritej\Projects\Personal\Repair ShopWebsite\node_modules\next\dist\build\swc\index.js
- E:\Shritej\Projects\Personal\Repair ShopWebsite\node_modules\next\dist\build\analysis\parse-module.js
- E:\Shritej\Projects\Personal\Repair ShopWebsite\node_modules\next\dist\build\analysis\get-page-static-info.js
- E:\Shritej\Projects\Personal\Repair ShopWebsite\node_modules\next\dist\server\lib\router-utils\setup-dev-bundler.js
- E:\Shritej\Projects\Personal\Repair ShopWebsite\node_modules\next\dist\server\lib\router-server.js
- E:\Shritej\Projects\Personal\Repair ShopWebsite\node_modules\next\dist\server\lib\start-server.js
    at Module.<anonymous> (node:internal/modules/cjs/loader:1500:15)
    at <unknown> (file://E:\Shritej\Projects\Personal\Repair ShopWebsite\node_modules\next\dist\server\require-hook.js:55:36)
    at wrapResolveFilename (node:internal/modules/cjs/loader:1071:27)
    at defaultResolveImplForCJSLoading (node:internal/modules/cjs/loader:1095:10)
    at resolveForCJSWithHooks (node:internal/modules/cjs/loader:1116:12)
    at Module._load (node:internal/modules/cjs/loader:1285:25)
    at wrapModuleLoad (node:internal/modules/cjs/loader:255:19)
    at Module.<anonymous> (node:internal/modules/cjs/loader:1600:12)
    at mod.require (file://E:\Shritej\Projects\Personal\Repair ShopWebsite\node_modules\next\dist\server\require-hook.js:65:28)
    at require (node:internal/modules/helpers:153:16)
    at __webpack_require__.f.require (file://E:\Shritej\Projects\Personal\Repair ShopWebsite\.next\server\webpack-runtime.js:198:28)
    at <unknown> (file://E:\Shritej\Projects\Personal\Repair ShopWebsite\.next\server\webpack-runtime.js:111:40)
    at Array.reduce (<anonymous>)
    at __webpack_require__.e (file://E:\Shritej\Projects\Personal\Repair ShopWebsite\.next\server\webpack-runtime.js:110:67)
    at Array.map (<anonymous>)
    at __webpack_require__.X (file://E:\Shritej\Projects\Personal\Repair ShopWebsite\.next\server\webpack-runtime.js:162:22)
    at <unknown> (file://E:\Shritej\Projects\Personal\Repair ShopWebsite\.next\server\app\page.js:1:12545)
    at Object.<anonymous> (file://E:\Shritej\Projects\Personal\Repair ShopWebsite\.next\server\app\page.js:1:12586)
    at Module._compile (node:internal/modules/cjs/loader:1854:14)
    at Object..js (node:internal/modules/cjs/loader:1985:10)
    at Module.load (node:internal/modules/cjs/loader:1577:32)
    at Module._load (node:internal/modules/cjs/loader:1379:12)
    at wrapModuleLoad (node:internal/modules/cjs/loader:255:19)
    at Module.<anonymous> (node:internal/modules/cjs/loader:1600:12)
    at mod.require (file://E:\Shritej\Projects\Personal\Repair ShopWebsite\node_modules\next\dist\server\require-hook.js:65:28)
    at require (node:internal/modules/helpers:153:16)
    at requirePage (file://E:\Shritej\Projects\Personal\Repair ShopWebsite\node_modules\next\dist\server\require.js:103:84)
    at loadComponentsImpl (file://E:\Shritej\Projects\Personal\Repair ShopWebsite\node_modules\next\dist\server\load-components.js:99:57)
    at async DevServer.findPageComponentsImpl (file://E:\Shritej\Projects\Personal\Repair ShopWebsite\node_modules\next\dist\server\next-server.js:732:36)
    at async DevServer.findPageComponents (file://E:\Shritej\Projects\Personal\Repair ShopWebsite\node_modules\next\dist\server\dev\next-dev-server.js:611:20)
    at async DevServer.renderPageComponent (file://E:\Shritej\Projects\Personal\Repair ShopWebsite\node_modules\next\dist\server\base-server.js:2227:24)
    at async DevServer.renderToResponseImpl (file://E:\Shritej\Projects\Personal\Repair ShopWebsite\node_modules\next\dist\server\base-server.js:2278:32)
    at async DevServer.pipeImpl (file://E:\Shritej\Projects\Personal\Repair ShopWebsite\node_modules\next\dist\server\base-server.js:960:25)
    at async NextNodeServer.handleCatchallRenderRequest (file://E:\Shritej\Projects\Personal\Repair ShopWebsite\node_modules\next\dist\server\next-server.js:281:17)
    at async DevServer.handleRequestImpl (file://E:\Shritej\Projects\Personal\Repair ShopWebsite\node_modules\next\dist\server\base-server.js:853:17)
    at async (file://E:\Shritej\Projects\Personal\Repair ShopWebsite\node_modules\next\dist\server\dev\next-dev-server.js:373:20)
    at async Span.traceAsyncFn (file://E:\Shritej\Projects\Personal\Repair ShopWebsite\node_modules\next\dist\trace\trace.js:153:20)
    at async DevServer.handleRequest (file://E:\Shritej\Projects\Personal\Repair ShopWebsite\node_modules\next\dist\server\dev\next-dev-server.js:370:24)
    at async invokeRender (file://E:\Shritej\Projects\Personal\Repair ShopWebsite\node_modules\next\dist\server\lib\router-server.js:183:21)
    at async handleRequest (file://E:\Shritej\Projects\Personal\Repair ShopWebsite\node_modules\next\dist\server\lib\router-server.js:360:24)
    at async requestHandlerImpl (file://E:\Shritej\Projects\Personal\Repair ShopWebsite\node_modules\next\dist\server\lib\router-server.js:384:13)
    at async Server.requestListener (file://E:\Shritej\Projects\Personal\Repair ShopWebsite\node_modules\next\dist\server\lib\start-server.js:142:13)
[ 1819347ms] [LOG] [HMR] connected @ webpack-internal:///./node_modules/next/dist/client/components/react-dev-overlay/pages/websocket.js:41
[ 1830596ms] [LOG] [Fast Refresh] rebuilding @ webpack-internal:///./node_modules/next/dist/client/components/react-dev-overlay/pages/hot-reloader-client.js:221
[ 1830767ms] [WARNING] [Fast Refresh] performing full reload because your application had an unrecoverable error @ webpack-internal:///./node_modules/next/dist/client/components/react-dev-overlay/pages/hot-reloader-client.js:352
[ 1831406ms] [LOG] [Fast Refresh] rebuilding @ webpack-internal:///./node_modules/next/dist/client/components/react-dev-overlay/pages/hot-reloader-client.js:221
[ 1831409ms] [ERROR] Failed to load resource: the server responded with a status of 500 (Internal Server Error) @ http://localhost:3000/:0
[ 1834986ms] [ERROR] Failed to load resource: the server responded with a status of 500 (Internal Server Error) @ http://localhost:3000/_next/static/chunks/pages/_app.js:0
[ 1834986ms] [ERROR] Failed to load resource: the server responded with a status of 500 (Internal Server Error) @ http://localhost:3000/_next/static/chunks/main.js:0
[ 1834986ms] [ERROR] Failed to load resource: the server responded with a status of 500 (Internal Server Error) @ http://localhost:3000/_next/static/chunks/pages/_error.js:0
[ 1834986ms] [ERROR] Failed to load resource: the server responded with a status of 500 (Internal Server Error) @ http://localhost:3000/_next/static/chunks/react-refresh.js:0
