[    1621ms] [ERROR] Failed to load resource: the server responded with a status of 500 (Internal Server Error) @ http://localhost:3000/:0
[    1877ms] [INFO] %cDownload the React DevTools for a better development experience: https://reactjs.org/link/react-devtools font-weight:bold @ webpack-internal:///./node_modules/react-dom/cjs/react-dom.development.js:29889
[    1922ms] Error: Cannot find module './989.js'
Require stack:
- E:\Shritej\Projects\Personal\Repair ShopWebsite\.next\server\webpack-runtime.js
- E:\Shritej\Projects\Personal\Repair ShopWebsite\.next\server\app\_not-found\page.js
- E:\Shritej\Projects\Personal\Repair ShopWebsite\node_modules\next\dist\server\require.js
- E:\Shritej\Projects\Personal\Repair ShopWebsite\node_modules\next\dist\server\load-components.js
- E:\Shritej\Projects\Personal\Repair ShopWebsite\node_modules\next\dist\build\utils.js
- E:\Shritej\Projects\Personal\Repair ShopWebsite\node_modules\next\dist\build\swc\options.js
- E:\Shritej\Projects\Personal\Repair ShopWebsite\node_modules\next\dist\build\swc\index.js
- E:\Shritej\Projects\Personal\Repair ShopWebsite\node_modules\next\dist\build\analysis\parse-module.js
- E:\Shritej\Projects\Personal\Repair ShopWebsite\node_modules\next\dist\build\analysis\get-page-static-info.js
- E:\Shritej\Projects\Personal\Repair ShopWebsite\node_modules\next\dist\server\lib\router-utils\setup-dev-bundler.js
- E:\Shritej\Projects\Personal\Repair ShopWebsite\node_modules\next\dist\server\lib\router-server.js
- E:\Shritej\Projects\Personal\Repair ShopWebsite\node_modules\next\dist\server\lib\start-server.js
    at Module.<anonymous> (node:internal/modules/cjs/loader:1500:15)
    at <unknown> (file://E:\Shritej\Projects\Personal\Repair ShopWebsite\node_modules\next\dist\server\require-hook.js:55:36)
    at wrapResolveFilename (node:internal/modules/cjs/loader:1071:27)
    at defaultResolveImplForCJSLoading (node:internal/modules/cjs/loader:1095:10)
    at resolveForCJSWithHooks (node:internal/modules/cjs/loader:1116:12)
    at Module._load (node:internal/modules/cjs/loader:1285:25)
    at wrapModuleLoad (node:internal/modules/cjs/loader:255:19)
    at Module.<anonymous> (node:internal/modules/cjs/loader:1600:12)
    at mod.require (file://E:\Shritej\Projects\Personal\Repair ShopWebsite\node_modules\next\dist\server\require-hook.js:65:28)
    at require (node:internal/modules/helpers:153:16)
    at __webpack_require__.f.require (file://E:\Shritej\Projects\Personal\Repair ShopWebsite\.next\server\webpack-runtime.js:198:28)
    at <unknown> (file://E:\Shritej\Projects\Personal\Repair ShopWebsite\.next\server\webpack-runtime.js:111:40)
    at Array.reduce (<anonymous>)
    at __webpack_require__.e (file://E:\Shritej\Projects\Personal\Repair ShopWebsite\.next\server\webpack-runtime.js:110:67)
    at Array.map (<anonymous>)
    at __webpack_require__.X (file://E:\Shritej\Projects\Personal\Repair ShopWebsite\.next\server\webpack-runtime.js:162:22)
    at <unknown> (file://E:\Shritej\Projects\Personal\Repair ShopWebsite\.next\server\app\page.js:1:7216)
    at Object.<anonymous> (file://E:\Shritej\Projects\Personal\Repair ShopWebsite\.next\server\app\page.js:1:7261)
    at Module._compile (node:internal/modules/cjs/loader:1854:14)
    at Object..js (node:internal/modules/cjs/loader:1985:10)
    at Module.load (node:internal/modules/cjs/loader:1577:32)
    at Module._load (node:internal/modules/cjs/loader:1379:12)
    at wrapModuleLoad (node:internal/modules/cjs/loader:255:19)
    at Module.<anonymous> (node:internal/modules/cjs/loader:1600:12)
    at mod.require (file://E:\Shritej\Projects\Personal\Repair ShopWebsite\node_modules\next\dist\server\require-hook.js:65:28)
    at require (node:internal/modules/helpers:153:16)
    at requirePage (file://E:\Shritej\Projects\Personal\Repair ShopWebsite\node_modules\next\dist\server\require.js:103:84)
    at loadComponentsImpl (file://E:\Shritej\Projects\Personal\Repair ShopWebsite\node_modules\next\dist\server\load-components.js:99:57)
    at async DevServer.findPageComponentsImpl (file://E:\Shritej\Projects\Personal\Repair ShopWebsite\node_modules\next\dist\server\next-server.js:732:36)
    at async DevServer.findPageComponents (file://E:\Shritej\Projects\Personal\Repair ShopWebsite\node_modules\next\dist\server\dev\next-dev-server.js:611:20)
    at async DevServer.renderPageComponent (file://E:\Shritej\Projects\Personal\Repair ShopWebsite\node_modules\next\dist\server\base-server.js:2227:24)
    at async DevServer.renderToResponseImpl (file://E:\Shritej\Projects\Personal\Repair ShopWebsite\node_modules\next\dist\server\base-server.js:2278:32)
    at async DevServer.pipeImpl (file://E:\Shritej\Projects\Personal\Repair ShopWebsite\node_modules\next\dist\server\base-server.js:960:25)
    at async NextNodeServer.handleCatchallRenderRequest (file://E:\Shritej\Projects\Personal\Repair ShopWebsite\node_modules\next\dist\server\next-server.js:281:17)
    at async DevServer.handleRequestImpl (file://E:\Shritej\Projects\Personal\Repair ShopWebsite\node_modules\next\dist\server\base-server.js:853:17)
    at async (file://E:\Shritej\Projects\Personal\Repair ShopWebsite\node_modules\next\dist\server\dev\next-dev-server.js:373:20)
    at async Span.traceAsyncFn (file://E:\Shritej\Projects\Personal\Repair ShopWebsite\node_modules\next\dist\trace\trace.js:153:20)
    at async DevServer.handleRequest (file://E:\Shritej\Projects\Personal\Repair ShopWebsite\node_modules\next\dist\server\dev\next-dev-server.js:370:24)
    at async invokeRender (file://E:\Shritej\Projects\Personal\Repair ShopWebsite\node_modules\next\dist\server\lib\router-server.js:183:21)
    at async handleRequest (file://E:\Shritej\Projects\Personal\Repair ShopWebsite\node_modules\next\dist\server\lib\router-server.js:360:24)
    at async requestHandlerImpl (file://E:\Shritej\Projects\Personal\Repair ShopWebsite\node_modules\next\dist\server\lib\router-server.js:384:13)
    at async Server.requestListener (file://E:\Shritej\Projects\Personal\Repair ShopWebsite\node_modules\next\dist\server\lib\start-server.js:142:13)
[    1922ms] [LOG] [HMR] connected @ webpack-internal:///./node_modules/next/dist/client/components/react-dev-overlay/pages/websocket.js:41
